<?xml version="1.0" encoding="UTF-8"?>
<testsuite xmlns:xsi="http://www.w3.org/2001/XMLSchema-instance" xsi:noNamespaceSchemaLocation="https://maven.apache.org/surefire/maven-surefire-plugin/xsd/surefire-test-report.xsd" name="MyTest" time="0.841" tests="11" errors="0" skipped="0" failures="0">
  <properties>
[...]
</properties>
  <testcase name="evaluateBankerDraw" classname="MyTest" time="0.76"/>
  <testcase name="cardConstructor" classname="MyTest" time="0.008"/>
  <testcase name="whoWon" classname="MyTest" time="0.001"/>
  <testcase name="evaluatePlayerDraw" classname="MyTest" time="0.005"/>
  <testcase name="handTotal" classname="MyTest" time="0"/>
  <testcase name="shuffleDeck" classname="MyTest" time="0.003"/>
  <testcase name="dealHand" classname="MyTest" time="0"/>
  <testcase name="deckSize" classname="MyTest" time="0.015"/>
  <testcase name="generateDeck" classname="MyTest" time="0"/>
  <testcase name="drawOne" classname="MyTest" time="0"/>
  <testcase name="evaluateWinnings" classname="MyTest" time="0"/>
</testsuite>